This file contains any messages produced by compilers while
running configure, to aid debugging if configure makes a mistake.

It was created by configure, which was
generated by GNU Autoconf 2.71.  Invocation command line was

  $ ./configure --prefix= /media/meo/9AE6FF53E6FF2E5F/cour/L2-2/projet/projet-L2/lib/SDL2

## --------- ##
## Platform. ##
## --------- ##

hostname = meo-mobil
uname -m = x86_64
uname -r = 5.15.0-58-generic
uname -s = Linux
uname -v = #64-Ubuntu SMP Thu Jan 5 11:43:13 UTC 2023

/usr/bin/uname -p = x86_64
/bin/uname -X     = unknown

/bin/arch              = x86_64
/usr/bin/arch -k       = unknown
/usr/convex/getsysinfo = unknown
/usr/bin/hostinfo      = unknown
/bin/machine           = unknown
/usr/bin/oslevel       = unknown
/bin/universe          = unknown

PATH: /home/meo/micromamba/bin/
PATH: /home/meo/micromamba/condabin/
PATH: /home/meo/.local/bin/
PATH: /usr/local/sbin/
PATH: /usr/local/bin/
PATH: /usr/sbin/
PATH: /usr/bin/
PATH: /sbin/
PATH: /bin/
PATH: /usr/games/
PATH: /usr/local/games/
PATH: /snap/bin/
PATH: /snap/bin/


## ----------- ##
## Core tests. ##
## ----------- ##

configure:3293: looking for aux files: install-sh config.guess config.sub ltmain.sh
configure:3306:  trying ./build-scripts/
configure:3317:   ./build-scripts/install-sh found
configure:3335:   ./build-scripts/config.guess found
configure:3335:   ./build-scripts/config.sub found
configure:3335:   ./build-scripts/ltmain.sh found
configure:3512: checking build system type
configure:3524: error: /bin/bash ./build-scripts/config.sub /media/meo/9AE6FF53E6FF2E5F/cour/L2-2/projet/projet-L2/lib/SDL2 failed

## ---------------- ##
## Cache variables. ##
## ---------------- ##

ac_cv_build=
ac_cv_env_CCC_set=
ac_cv_env_CCC_value=
ac_cv_env_CC_set=
ac_cv_env_CC_value=
ac_cv_env_CFLAGS_set=
ac_cv_env_CFLAGS_value=
ac_cv_env_CPPFLAGS_set=
ac_cv_env_CPPFLAGS_value=
ac_cv_env_CPP_set=
ac_cv_env_CPP_value=
ac_cv_env_CXXCPP_set=
ac_cv_env_CXXCPP_value=
ac_cv_env_CXXFLAGS_set=
ac_cv_env_CXXFLAGS_value=
ac_cv_env_CXX_set=
ac_cv_env_CXX_value=
ac_cv_env_DBUS_CFLAGS_set=
ac_cv_env_DBUS_CFLAGS_value=
ac_cv_env_DBUS_LIBS_set=
ac_cv_env_DBUS_LIBS_value=
ac_cv_env_DECOR_CFLAGS_set=
ac_cv_env_DECOR_CFLAGS_value=
ac_cv_env_DECOR_LIBS_set=
ac_cv_env_DECOR_LIBS_value=
ac_cv_env_DIRECTFB_CFLAGS_set=
ac_cv_env_DIRECTFB_CFLAGS_value=
ac_cv_env_DIRECTFB_LIBS_set=
ac_cv_env_DIRECTFB_LIBS_value=
ac_cv_env_ESD_CFLAGS_set=
ac_cv_env_ESD_CFLAGS_value=
ac_cv_env_ESD_LIBS_set=
ac_cv_env_ESD_LIBS_value=
ac_cv_env_FUSIONSOUND_CFLAGS_set=
ac_cv_env_FUSIONSOUND_CFLAGS_value=
ac_cv_env_FUSIONSOUND_LIBS_set=
ac_cv_env_FUSIONSOUND_LIBS_value=
ac_cv_env_IBUS_CFLAGS_set=
ac_cv_env_IBUS_CFLAGS_value=
ac_cv_env_IBUS_LIBS_set=
ac_cv_env_IBUS_LIBS_value=
ac_cv_env_JACK_CFLAGS_set=
ac_cv_env_JACK_CFLAGS_value=
ac_cv_env_JACK_LIBS_set=
ac_cv_env_JACK_LIBS_value=
ac_cv_env_LDFLAGS_set=
ac_cv_env_LDFLAGS_value=
ac_cv_env_LIBDRM_CFLAGS_set=
ac_cv_env_LIBDRM_CFLAGS_value=
ac_cv_env_LIBDRM_LIBS_set=
ac_cv_env_LIBDRM_LIBS_value=
ac_cv_env_LIBGBM_CFLAGS_set=
ac_cv_env_LIBGBM_CFLAGS_value=
ac_cv_env_LIBGBM_LIBS_set=
ac_cv_env_LIBGBM_LIBS_value=
ac_cv_env_LIBS_set=
ac_cv_env_LIBS_value=
ac_cv_env_LIBUSB_CFLAGS_set=
ac_cv_env_LIBUSB_CFLAGS_value=
ac_cv_env_LIBUSB_LIBS_set=
ac_cv_env_LIBUSB_LIBS_value=
ac_cv_env_LT_SYS_LIBRARY_PATH_set=
ac_cv_env_LT_SYS_LIBRARY_PATH_value=
ac_cv_env_PIPEWIRE_CFLAGS_set=
ac_cv_env_PIPEWIRE_CFLAGS_value=
ac_cv_env_PIPEWIRE_LIBS_set=
ac_cv_env_PIPEWIRE_LIBS_value=
ac_cv_env_PKG_CONFIG_LIBDIR_set=
ac_cv_env_PKG_CONFIG_LIBDIR_value=
ac_cv_env_PKG_CONFIG_PATH_set=
ac_cv_env_PKG_CONFIG_PATH_value=
ac_cv_env_PKG_CONFIG_set=
ac_cv_env_PKG_CONFIG_value=
ac_cv_env_PULSEAUDIO_CFLAGS_set=
ac_cv_env_PULSEAUDIO_CFLAGS_value=
ac_cv_env_PULSEAUDIO_LIBS_set=
ac_cv_env_PULSEAUDIO_LIBS_value=
ac_cv_env_RPI_CFLAGS_set=
ac_cv_env_RPI_CFLAGS_value=
ac_cv_env_RPI_LIBS_set=
ac_cv_env_RPI_LIBS_value=
ac_cv_env_SNDIO_CFLAGS_set=
ac_cv_env_SNDIO_CFLAGS_value=
ac_cv_env_SNDIO_LIBS_set=
ac_cv_env_SNDIO_LIBS_value=
ac_cv_env_XMKMF_set=
ac_cv_env_XMKMF_value=
ac_cv_env_build_alias_set=set
ac_cv_env_build_alias_value=/media/meo/9AE6FF53E6FF2E5F/cour/L2-2/projet/projet-L2/lib/SDL2
ac_cv_env_host_alias_set=set
ac_cv_env_host_alias_value=/media/meo/9AE6FF53E6FF2E5F/cour/L2-2/projet/projet-L2/lib/SDL2
ac_cv_env_target_alias_set=set
ac_cv_env_target_alias_value=/media/meo/9AE6FF53E6FF2E5F/cour/L2-2/projet/projet-L2/lib/SDL2

## ----------------- ##
## Output variables. ##
## ----------------- ##

ALLOCA=''
ALSA_CFLAGS=''
ALSA_LIBS=''
AR=''
ARTSCONFIG=''
AS=''
AWK=''
BUILD_CFLAGS=''
BUILD_LDFLAGS=''
CC=''
CFLAGS=''
CPP=''
CPPFLAGS=''
CXX=''
CXXCPP=''
CXXFLAGS=''
DBUS_CFLAGS=''
DBUS_LIBS=''
DECOR_CFLAGS=''
DECOR_LIBS=''
DEFS=''
DIRECTFB_CFLAGS=''
DIRECTFB_LIBS=''
DLLTOOL=''
DSYMUTIL=''
DUMPBIN=''
ECHO_C=''
ECHO_N='-n'
ECHO_T=''
EGREP=''
ENABLE_SHARED_FALSE=''
ENABLE_SHARED_TRUE=''
ENABLE_STATIC_FALSE=''
ENABLE_STATIC_TRUE=''
ESD_CFLAGS=''
ESD_CONFIG=''
ESD_LIBS=''
EXEEXT=''
EXTRA_CFLAGS=''
EXTRA_LDFLAGS=''
FGREP=''
FUSIONSOUND_CFLAGS=''
FUSIONSOUND_LIBS=''
GEN_HEADERS=''
GEN_OBJECTS=''
GREP=''
IBUS_CFLAGS=''
IBUS_LIBS=''
INCLUDE=''
INSTALL_DATA=''
INSTALL_PROGRAM=''
INSTALL_SCRIPT=''
INSTALL_SDL2_CONFIG=''
JACK_CFLAGS=''
JACK_LIBS=''
LD=''
LDFLAGS=''
LIBDRM_CFLAGS=''
LIBDRM_LIBS=''
LIBGBM_CFLAGS=''
LIBGBM_LIBS=''
LIBOBJS=''
LIBS=''
LIBTOOL=''
LIBTOOLLINKERTAG=''
LIBUSB_CFLAGS=''
LIBUSB_LIBS=''
LINKER=''
LIPO=''
LN_S=''
LTLIBOBJS=''
LT_AGE=''
LT_CURRENT=''
LT_RELEASE=''
LT_REVISION=''
LT_SYS_LIBRARY_PATH=''
MANIFEST_TOOL=''
NM=''
NMEDIT=''
OBJDUMP=''
OBJECTS=''
OBJEXT=''
OTOOL64=''
OTOOL=''
PACKAGE_BUGREPORT=''
PACKAGE_NAME=''
PACKAGE_STRING=''
PACKAGE_TARNAME=''
PACKAGE_URL=''
PACKAGE_VERSION=''
PATH_SEPARATOR=':'
PIPEWIRE_CFLAGS=''
PIPEWIRE_LIBS=''
PKGCONFIG_LIBS_PRIV=''
PKG_CONFIG=''
PKG_CONFIG_LIBDIR=''
PKG_CONFIG_PATH=''
PULSEAUDIO_CFLAGS=''
PULSEAUDIO_LIBS=''
RANLIB=''
RC=''
RPI_CFLAGS=''
RPI_LIBS=''
SDLMAIN_OBJECTS=''
SDLTEST_OBJECTS=''
SDL_BINARY_AGE='2602'
SDL_CFLAGS=''
SDL_INTERFACE_AGE='2'
SDL_LIBS=''
SDL_MAJOR_VERSION='2'
SDL_MICRO_VERSION='2'
SDL_MINOR_VERSION='26'
SDL_RLD_FLAGS=''
SDL_STATIC_LIBS=''
SDL_VENDOR_INFO=''
SDL_VERSION='2.26.2'
SED=''
SET_MAKE=''
SHELL='/bin/bash'
SNDIO_CFLAGS=''
SNDIO_LIBS=''
SORT=''
STRIP=''
VERSION_OBJECTS=''
WAYLAND_SCANNER=''
WAYLAND_SCANNER_CODE_MODE=''
XMKMF=''
X_CFLAGS=''
X_EXTRA_LIBS=''
X_LIBS=''
X_PRE_LIBS=''
ac_aux_dir='./build-scripts/'
ac_ct_AR=''
ac_ct_CC=''
ac_ct_CXX=''
ac_ct_DUMPBIN=''
bin_prefix_relpath=''
bindir='${exec_prefix}/bin'
build='/media/meo/9AE6FF53E6FF2E5F/cour/L2-2/projet/projet-L2/lib/SDL2'
build_alias='/media/meo/9AE6FF53E6FF2E5F/cour/L2-2/projet/projet-L2/lib/SDL2'
build_cpu=''
build_os=''
build_vendor=''
cmake_prefix_relpath=''
datadir='${datarootdir}'
datarootdir='${prefix}/share'
docdir='${datarootdir}/doc/${PACKAGE}'
dvidir='${docdir}'
exec_prefix='NONE'
host='/media/meo/9AE6FF53E6FF2E5F/cour/L2-2/projet/projet-L2/lib/SDL2'
host_alias='/media/meo/9AE6FF53E6FF2E5F/cour/L2-2/projet/projet-L2/lib/SDL2'
host_cpu=''
host_os=''
host_vendor=''
htmldir='${docdir}'
includedir='${prefix}/include'
infodir='${datarootdir}/info'
libdir='${exec_prefix}/lib'
libexecdir='${exec_prefix}/libexec'
localedir='${datarootdir}/locale'
localstatedir='${prefix}/var'
mandir='${datarootdir}/man'
oldincludedir='/usr/include'
pdfdir='${docdir}'
prefix=''
program_transform_name='s,x,x,'
psdir='${docdir}'
runstatedir='${localstatedir}/run'
sbindir='${exec_prefix}/sbin'
sharedstatedir='${prefix}/com'
sysconfdir='${prefix}/etc'
target_alias='/media/meo/9AE6FF53E6FF2E5F/cour/L2-2/projet/projet-L2/lib/SDL2'

## ----------- ##
## confdefs.h. ##
## ----------- ##

/* confdefs.h */
#define PACKAGE_NAME ""
#define PACKAGE_TARNAME ""
#define PACKAGE_VERSION ""
#define PACKAGE_STRING ""
#define PACKAGE_BUGREPORT ""
#define PACKAGE_URL ""

configure: exit 1
